Starting CAP Project Generator...
Using @sap/cds-dk [9.9.1] from /extbin/globals/bun/global/install/node_modules/@sap/cds-dk
Using @sap/generator-cap-project [2.0.6] from [/extbin/globals/bun/global/install/node_modules/@sap/generator-cap-project]
Using root path [/home/user/projects]

Creating project with destination, hana, mta, nodejs, xsuaa

Adding facet: nodejs
Adding facet: mta
Adding facet: xsuaa
Adding facet: hana
Adding facet: destination

Successfully initialized CAP project
Continue with: code facturas-cap 


Installing dependencies...

added 258 packages, and audited 259 packages in 5s

39 packages are looking for funding
  run `npm fund` for details

1 moderate severity vulnerability

To address all issues, run:
  npm audit fix

Run `npm audit` for details.

Finished installing dependencies

Done setting up project facturas-cap
Project is ready to use

